# JRE version: Java(TM) SE Runtime Environment (8.0_201-b09) (build 1.8.0_201-b09)
# Java VM: Java HotSpot(TM) 64-Bit Server VM (25.201-b09 mixed mode windows-amd64 compressed oops)
Heap:
 PSYoungGen      total 103424K, used 5742K [0x000000076b100000, 0x0000000772500000, 0x00000007c0000000)
  eden space 92672K, 6% used [0x000000076b100000,0x000000076b69bbe0,0x0000000770b80000)
  from space 10752K, 0% used [0x0000000771600000,0x0000000771600000,0x0000000772080000)
  to   space 10752K, 0% used [0x0000000770b80000,0x0000000770b80000,0x0000000771600000)
 ParOldGen       total 179200K, used 10605K [0x00000006c1200000, 0x00000006cc100000, 0x000000076b100000)
  object space 179200K, 5% used [0x00000006c1200000,0x00000006c1c5b790,0x00000006cc100000)
 Metaspace       used 34304K, capacity 36051K, committed 36224K, reserved 1081344K
  class space    used 4747K, capacity 4949K, committed 4992K, reserved 1048576K
GC Heap History (10 events):
Event: 3.490 GC heap before
{Heap before GC invocations=2 (full 0):
 PSYoungGen      total 76288K, used 66417K [0x000000076b100000, 0x0000000770600000, 0x00000007c0000000)
  eden space 65536K, 86% used [0x000000076b100000,0x000000076e85ce00,0x000000076f100000)
  from space 10752K, 90% used [0x000000076f100000,0x000000076fa7f990,0x000000076fb80000)
  to   space 10752K, 0% used [0x000000076fb80000,0x000000076fb80000,0x0000000770600000)
 ParOldGen       total 175104K, used 16K [0x00000006c1200000, 0x00000006cbd00000, 0x000000076b100000)
  object space 175104K, 0% used [0x00000006c1200000,0x00000006c1204000,0x00000006cbd00000)
 Metaspace       used 20354K, capacity 21154K, committed 21248K, reserved 1067008K
  class space    used 2862K, capacity 2994K, committed 3072K, reserved 1048576K
Event: 3.499 GC heap after
Heap after GC invocations=2 (full 0):
 PSYoungGen      total 76288K, used 7580K [0x000000076b100000, 0x0000000770600000, 0x00000007c0000000)
  eden space 65536K, 0% used [0x000000076b100000,0x000000076b100000,0x000000076f100000)
  from space 10752K, 70% used [0x000000076fb80000,0x00000007702e7268,0x0000000770600000)
  to   space 10752K, 0% used [0x000000076f100000,0x000000076f100000,0x000000076fb80000)
 ParOldGen       total 175104K, used 96K [0x00000006c1200000, 0x00000006cbd00000, 0x000000076b100000)
  object space 175104K, 0% used [0x00000006c1200000,0x00000006c1218028,0x00000006cbd00000)
 Metaspace       used 20354K, capacity 21154K, committed 21248K, reserved 1067008K
  class space    used 2862K, capacity 2994K, committed 3072K, reserved 1048576K
}
Event: 3.499 GC heap before
{Heap before GC invocations=3 (full 1):
 PSYoungGen      total 76288K, used 7580K [0x000000076b100000, 0x0000000770600000, 0x00000007c0000000)
  eden space 65536K, 0% used [0x000000076b100000,0x000000076b100000,0x000000076f100000)
  from space 10752K, 70% used [0x000000076fb80000,0x00000007702e7268,0x0000000770600000)
  to   space 10752K, 0% used [0x000000076f100000,0x000000076f100000,0x000000076fb80000)
 ParOldGen       total 175104K, used 96K [0x00000006c1200000, 0x00000006cbd00000, 0x000000076b100000)
  object space 175104K, 0% used [0x00000006c1200000,0x00000006c1218028,0x00000006cbd00000)
 Metaspace       used 20354K, capacity 21154K, committed 21248K, reserved 1067008K
  class space    used 2862K, capacity 2994K, committed 3072K, reserved 1048576K
Event: 3.526 GC heap after
Heap after GC invocations=3 (full 1):
 PSYoungGen      total 76288K, used 0K [0x000000076b100000, 0x0000000770600000, 0x00000007c0000000)
  eden space 65536K, 0% used [0x000000076b100000,0x000000076b100000,0x000000076f100000)
  from space 10752K, 0% used [0x000000076fb80000,0x000000076fb80000,0x0000000770600000)
  to   space 10752K, 0% used [0x000000076f100000,0x000000076f100000,0x000000076fb80000)
 ParOldGen       total 109056K, used 7362K [0x00000006c1200000, 0x00000006c7c80000, 0x000000076b100000)
  object space 109056K, 6% used [0x00000006c1200000,0x00000006c1930928,0x00000006c7c80000)
 Metaspace       used 20354K, capacity 21154K, committed 21248K, reserved 1067008K
  class space    used 2862K, capacity 2994K, committed 3072K, reserved 1048576K
}
Event: 5.612 GC heap before
{Heap before GC invocations=4 (full 1):
 PSYoungGen      total 76288K, used 65536K [0x000000076b100000, 0x0000000770600000, 0x00000007c0000000)
  eden space 65536K, 100% used [0x000000076b100000,0x000000076f100000,0x000000076f100000)
  from space 10752K, 0% used [0x000000076fb80000,0x000000076fb80000,0x0000000770600000)
  to   space 10752K, 0% used [0x000000076f100000,0x000000076f100000,0x000000076fb80000)
 ParOldGen       total 109056K, used 7362K [0x00000006c1200000, 0x00000006c7c80000, 0x000000076b100000)
  object space 109056K, 6% used [0x00000006c1200000,0x00000006c1930928,0x00000006c7c80000)
 Metaspace       used 28139K, capacity 29436K, committed 29568K, reserved 1075200K
  class space    used 3936K, capacity 4098K, committed 4224K, reserved 1048576K
Event: 5.619 GC heap after
Heap after GC invocations=4 (full 1):
 PSYoungGen      total 76288K, used 7194K [0x000000076b100000, 0x0000000772080000, 0x00000007c0000000)
  eden space 65536K, 0% used [0x000000076b100000,0x000000076b100000,0x000000076f100000)
  from space 10752K, 66% used [0x000000076f100000,0x000000076f806920,0x000000076fb80000)
  to   space 10752K, 0% used [0x0000000771600000,0x0000000771600000,0x0000000772080000)
 ParOldGen       total 109056K, used 7370K [0x00000006c1200000, 0x00000006c7c80000, 0x000000076b100000)
  object space 109056K, 6% used [0x00000006c1200000,0x00000006c1932928,0x00000006c7c80000)
 Metaspace       used 28139K, capacity 29436K, committed 29568K, reserved 1075200K
  class space    used 3936K, capacity 4098K, committed 4224K, reserved 1048576K
}
Event: 6.364 GC heap before
{Heap before GC invocations=5 (full 1):
 PSYoungGen      total 76288K, used 64054K [0x000000076b100000, 0x0000000772080000, 0x00000007c0000000)
  eden space 65536K, 86% used [0x000000076b100000,0x000000076e886ff0,0x000000076f100000)
  from space 10752K, 66% used [0x000000076f100000,0x000000076f806920,0x000000076fb80000)
  to   space 10752K, 0% used [0x0000000771600000,0x0000000771600000,0x0000000772080000)
 ParOldGen       total 109056K, used 7370K [0x00000006c1200000, 0x00000006c7c80000, 0x000000076b100000)
  object space 109056K, 6% used [0x00000006c1200000,0x00000006c1932928,0x00000006c7c80000)
 Metaspace       used 33745K, capacity 35375K, committed 35416K, reserved 1079296K
  class space    used 4657K, capacity 4823K, committed 4864K, reserved 1048576K
Event: 6.374 GC heap after
Heap after GC invocations=5 (full 1):
 PSYoungGen      total 103424K, used 7050K [0x000000076b100000, 0x0000000772500000, 0x00000007c0000000)
  eden space 92672K, 0% used [0x000000076b100000,0x000000076b100000,0x0000000770b80000)
  from space 10752K, 65% used [0x0000000771600000,0x0000000771ce2bd0,0x0000000772080000)
  to   space 10752K, 0% used [0x0000000770b80000,0x0000000770b80000,0x0000000771600000)
 ParOldGen       total 109056K, used 7378K [0x00000006c1200000, 0x00000006c7c80000, 0x000000076b100000)
  object space 109056K, 6% used [0x00000006c1200000,0x00000006c1934928,0x00000006c7c80000)
 Metaspace       used 33745K, capacity 35375K, committed 35416K, reserved 1079296K
  class space    used 4657K, capacity 4823K, committed 4864K, reserved 1048576K
}
Event: 6.374 GC heap before
{Heap before GC invocations=6 (full 2):
 PSYoungGen      total 103424K, used 7050K [0x000000076b100000, 0x0000000772500000, 0x00000007c0000000)
  eden space 92672K, 0% used [0x000000076b100000,0x000000076b100000,0x0000000770b80000)
  from space 10752K, 65% used [0x0000000771600000,0x0000000771ce2bd0,0x0000000772080000)
  to   space 10752K, 0% used [0x0000000770b80000,0x0000000770b80000,0x0000000771600000)
 ParOldGen       total 109056K, used 7378K [0x00000006c1200000, 0x00000006c7c80000, 0x000000076b100000)
  object space 109056K, 6% used [0x00000006c1200000,0x00000006c1934928,0x00000006c7c80000)
 Metaspace       used 33745K, capacity 35375K, committed 35416K, reserved 1079296K
  class space    used 4657K, capacity 4823K, committed 4864K, reserved 1048576K
Event: 6.432 GC heap after
Heap after GC invocations=6 (full 2):
 PSYoungGen      total 103424K, used 0K [0x000000076b100000, 0x0000000772500000, 0x00000007c0000000)
  eden space 92672K, 0% used [0x000000076b100000,0x000000076b100000,0x0000000770b80000)
  from space 10752K, 0% used [0x0000000771600000,0x0000000771600000,0x0000000772080000)
  to   space 10752K, 0% used [0x0000000770b80000,0x0000000770b80000,0x0000000771600000)
 ParOldGen       total 179200K, used 10605K [0x00000006c1200000, 0x00000006cc100000, 0x000000076b100000)
  object space 179200K, 5% used [0x00000006c1200000,0x00000006c1c5b790,0x00000006cc100000)
 Metaspace       used 33745K, capacity 35375K, committed 35416K, reserved 1079296K
  class space    used 4657K, capacity 4823K, committed 4864K, reserved 1048576K
}

